7BC7F06D
7BC7F27D
7BC80E5D
7BC86E5D
7BC86F65
7BC87595
7BC8E935
7BC94B45
7BC979B5
7BC99595
7BCA81F5
7BCA8725
7BCAFFE5
7BCB148D
7BCB2D55
7BCB42FD
7BCB461D
7BCB5385
7BCB927D
7BCB9385
7BCBDABD
7BCBEA3D
7BCBEB45
7BCBED55
7BCE169D
7BCE18AD
7BCE2725
7BCF2E5D
7BCF3175
7BCF327D
7BCF3385
7BCF39B5
7BCF3CCD
7BCF3FE5
7BCF40ED
7BCF4515
7BCFCE5D
7BCFD27D
7BD04725
7BD04B45
7BD1127D
7BD197A5
7BD1C305
7BD1C61D
7BD278AD
7BD40515
7BD42D55
7BD4327D
7BD46C4D
7BD46D55
7BD4727D
7BD4FCCD
7BD4FDD5
7BD537A5
7BD53ABD
7BD67FE5
7BD6906D
7BD699B5
7BD78E5D
7BD78F65
7BD8882D
7BD88C4D
7BD89175
7BD89385
7BD8FDD5
7BD9061D
7BD9127D
7BD91385
7BDAB595
7BDB369D
7BDB3ABD
7BDB3BC5
7BDB3DD5
7BDBC0ED
7BDC040D
7BDC42FD
7BDC661D
7BDC6D55
7BDC861D
7BDDC82D
7BDE02FD
7BDE0E5D
7BDE127D
7BDE169D
7BDE548D
7BDE5595
7BDE5ABD
7BDEDCCD
7BDEE0ED
7BDFA2FD
7BDFA515
7BDFA725
7BDFA935
7BDFAA3D
7BE16F65
7BE1748D
7BE1769D
7BE26F65
7BE38935
7BE417A5
7BE4A515
7BE5640D
7BE59385
7BE59BC5
7BE59CCD
7BE59DD5
7BE59EDD
7BE5A82D
7BE5AA3D
7BE5AD55
7BE62935
7BE72D55
7BE72E5D
7BE7306D
7BE7B9B5
7BE7CB45
7BE82C4D
7BE83CCD
7BE8C515
7BE8CA3D
7BE942FD
7BE98A3D
7BE99FE5
7BE9A0ED
7BE9D69D
7BEB18AD
7BEB20ED
7BEB21F5
7BEB506D
7BEBD69D
7BEBE725
7BEC60ED
7BEC6A3D
7BED6D55
7BED6F65
7BED7175
7BED7595
7BEE706D
7BEE7385
7BEE748D
7BEE7595
7BEE769D
7BEF061D
7BEF8935
7BF01175
7BF097A5
7BF0AC4D
7BF0B9B5
7BF0CF65
7BF0FCCD
7BF18F65
7BF220ED
7BF2A1F5
7BF2A40D
7BF2A515
7BF2A61D
7BF2AC4D
7BF32A3D
7BF32D55
7BF4261D
7BF4B06D
7BF4B27D
7BF5348D
7BF53CCD
7BF53DD5
7BF53FE5
7BF541F5
7BF542FD
7BF5440D
7BF6927D
7BF6948D
7BF69595
7BF699B5
7BF6CD55
7BF6D48D
7BF84725
7BF84D55
7BF84E5D
7BF902FD
7BF97385
7BF9F06D
7BF9F27D
7BF9F7A5
7BF9F8AD
7BFA7BC5
7BFB8305
7BFB840D
7BFB8515
7BFB861D
7BFDDABD
7BFE21F5
7BFEAD55
7BFFB9B5
7B0022FD
7B002725
7B0139B5
7B01C61D
7B01C725
7B01C82D
7B01C935
7B02440D
7B024515
7B02482D
7B024A3D
7B024B45
7B024E5D
7B024F65
7B02506D
7B035DD5
7B03BEDD
7B03C2FD
7B03C305
7B03C40D
7B03C515
7B03CA3D
7B03CD55
7B03D595
7B03D69D
7B03D9B5
7B03DBC5
7B067595
7B067BC5
7B06C0ED
7B06C1F5
7B06ED55
7B06F06D
7B06F385
7B06F595
7B06FDD5
7B06FEDD
7B06FFE5
7B0742FD
7B074D55
7B078305
7B07840D
7B08461D
7B08882D
7B088E5D
7B089175
7B08DCCD
7B0998AD
7B099ABD
7B0B2725
7B0B2935
7B0BB27D
7B0CB8AD
7B0CD385
7B0CF9B5
7B0CFABD
7B0CFBC5
7B0CFCCD
7B0D348D
7B0D3ABD
7B0D80ED
7B0DBDD5
7B0E461D
7B0E4725
7B0E482D
7B0E4935
7B0E4F65
7B0EC82D
7B0F106D
7B0F169D
7B0F9BC5
7B105ABD
7B1060ED
7B10D385
7B10E61D
7B11AE5D
7B11B385
7B126515
7B13748D
7B1379B5
7B137CCD
7B138725
7B140305
7B14040D
7B148515
7B14AB45
7B14C725
7B14CB45
7B150C4D
7B158E5D
7B159ABD
7B166305
7B169FE5
7B16A61D
7B18240D
7B18282D
7B182935
7B182B45
7B19D595
7B19DBC5
7B19FDD5
7B1A00ED
7B1A02FD
7B1A169D
7B1A369D
7B1A4305
7B1A440D
7B1A9EDD
7B1AC515
7B1ACF65
7B1B39B5
7B1B4F65
7B1C17A5
7B1C1ABD
7B1C506D
7B1C59B5
7B1C5BC5
7B1C5DD5
7B1C60ED
7B1C9BC5
7B1CC61D
7B1CE0ED
7B1CE515
7B1CE61D
7B1D5EDD
7B1DDFE5
7B1E7595
7B201BC5
7B201CCD
7B201EDD
7B210F65
7B213175
7B2180ED
7B21969D
7B221595
7B22169D
7B228725
7B23261D
7B24A61D
7B25348D
7B253BC5
7B25B595
7B263DD5
7B2640ED
7B2641F5
7B264305
7B26FBC5
7B2701F5
7B2702FD
7B27106D
7B27369D
7B273BC5
7B274515
7B27461D
7B27482D
7B27BDD5
7B27BFE5
7B27C40D
7B28E1F5
7B295BC5
7B29A61D
7B29AA3D
7B29B27D
7B29B48D
7B29B69D
7B2AF27D
7B2AF595
7B2B2F65
7B2CC305
7B2CC40D
7B2CC61D
7B2D8C4D
7B2E3EDD
7B2E4305
7B2E4F65
7B2E59B5
7B2F127D
7B2F1595
7B2F18AD
7B2F1BC5
7B2F461D
7B2F9DD5
7B2FE515
7B2FE61D
7B2FE725
7B30EA3D
7B30ED55
7B30EE5D
7B30EF65
7B31A725
7B31B175
7B31B27D
7B31B7A5
7B32B69D
7B32C2FD
7B340D55
7B340F65
7B34106D
7B343EDD
7B3441F5
7B3442FD
7B34440D
7B344935
7B344C4D
7B34569D
7B3499B5
7B34BCCD
7B34C2FD
7B35DEDD
7B36A61D
7B36D8AD
7B36DABD
7B36E515
7B36E61D
7B36E82D
7B386E5D
7B3A0A3D
7B3A0E5D
7B3A9FE5
7B3AA2FD
7B3AA305
7B3AA40D
7B3B127D
7B3B18AD
7B3B1ABD
7B3B1DD5
7B3B58AD
7B3B8935
7B3B9385
7B3B948D
7B3C1FE5
7B3C21F5
7B3C240D
7B3D1EDD
7B3D20ED
7B3D2D55
7B3E7CCD
7B3EB175
7B4042FD
7B411EDD
7B4121F5
7B414305
7B41548D
7B415595
7B4158AD
7B4159B5
7B417175
7B41A61D
7B41A82D
7B41D9B5
7B41DABD
7B41E515
7B422725
7B425ABD
7B425CCD
7B42A725
7B42DABD
7B42DFE5
7B42E0ED
7B42E935
7B4362FD
7B436F65
7B43748D
7B437595
7B43DFE5
7B43F27D
7B43F385
7B43F48D
7B46A935
7B46F69D
7B471595
7B483ABD
7B48682D
7B486F65
7B48727D
7B487595
7B48769D
7B48A1F5
7B48E305
7B492935
7B499FE5
7B4A20ED
7B4A21F5
7B4BC0ED
7B4BC1F5
7B4BFFE5
7B4C01F5
7B4D4515
7B4E3FE5
7B4E40ED
7B4E461D
7B4E4935
7B4E5385
7B4E569D
7B4E59B5
7B4E5ABD
7B4E5DD5
7B4E7BC5
7B4E9FE5
7B4EA40D
7B4EC305
7B4EC82D
7B4EF06D
7B4F2515
7B4F2B45
7B4FDDD5
7B4FDEDD
7B4FDFE5
7B4FE0ED
7B4FEB45
7B4FEE5D
7B5061F5
7B50640D
7B506D55
7B507385
7B50748D
7B50BABD
7B50BCCD
7B50F595
7B50F8AD
7B50FABD
7B50FCCD
7B5101F5
7B5178AD
7B5182FD
7B525EDD
7B5262FD
7B541FE5
7B556B45
7B557385
7B559CCD
7B559DD5
7B55A1F5
7B55A725
7B55A82D
7B55EE5D
7B55F595
7B56169D
7B562C4D
7B562F65
7B56327D
7B56969D
7B56A82D
7B56B7A5
7B56EC4D
7B56FCCD
7B56FDD5
7B594F65
7B5B5175
7B5B5385
7B5B60ED
7B5B61F5
7B5B8725
7B5B8935
7B5BD27D
7B5BD7A5
7B5BE0ED
7B5BE40D
7B5BE61D
7B5CEF65
7B5CF06D
7B5CF27D
7B5CF595
7B5D7EDD
7B5D81F5
7B5E00ED
7B5E6E5D
7B5E9EDD
7B5F061D
7B5F8C4D
7B5F906D
7B5F927D
7B5F9595
7B6121F5
7B6122FD
7B612305
7B61EE5D
7B61F9B5
7B61FABD
7B629595
7B62A82D
7B62AB45
7B62AC4D
7B62B175
7B62B7A5
7B6322FD
7B632725
7B632D55
7B637BC5
7B63AF65
7B643175
7B643595
7B6439B5
7B643CCD
7B676305
7B676725
7B686935
7B68A40D
7B68A82D
7B68AA3D
7B68AC4D
7B68AD55
7B68B27D
7B68E82D
7B68EA3D
7B68EE5D
7B68FEDD
7B693BC5
7B69769D
7B6979B5
7B69A515
7B69BABD
7B69F69D
7B69FFE5
7B6A0305
7B6AB06D
7B6B4515
7B6B4725
7B6B8D55
7B6B9385
7B6C8E5D
7B6C98AD
7B6C99B5
7B6C9ABD
7B6DA82D
7B6DBFE5
7B6E2515
7B6E2A3D
7B6E2D55
7B6F327D
7B6F8A3D
7B6FB06D
7B6FB48D
7B6FB595
7B6FB9B5
7B6FFBC5
7B7042FD
7B707FE5
7B7080ED
7B708305
7B708515
7B70882D
7B70C40D
7B70C725
7B715385
7B718B45
7B718C4D
7B71CC4D
7B727595
7B72DCCD
7B72DDD5
7B73527D
7B73EB45
7B7401F5
7B746305
7B746515
7B759595
7B75B385
7B75B595
7B75BCCD
7B75C61D
7B75ED55
7B75EE5D
7B75F175
7B75F7A5
7B766725
7B770305
7B770725
7B7718AD
7B774D55
7B77A2FD
7B77CB45
7B78506D
7B789595
7B78B27D
7B7920ED
7B7AA0ED
7B7AE725
7B7B240D
7B7B2725
7B7B2935
7B7B306D
7B7B9ABD
7B7BA40D
7B7BAA3D
7B7BBABD
7B7C2F65
7B7C306D
7B7C327D
7B7C3595
7B7C369D
7B7C3ABD
7B7CB06D
7B7D0515
7B7D0725
7B7D1175
7B7D38AD
7B7D39B5
7B7D3ABD
7B7D3BC5
7B7D3CCD
7B7D3EDD
7B7D40ED
7B7D5BC5
7B7D5EDD
7B7DC40D
7B7DC515
7B7DC725
7B7E02FD
7B7EEC4D
7B7FDEDD
7B805FE5
7B806A3D
7B828E5D
7B828F65
7B82B48D
7B82B595
7B82B69D
7B82BABD
7B82BDD5
7B82C0ED
7B82CF65
7B82F7A5
7B82FDD5
7B82FFE5
7B8301F5
7C83706D
7C837175
7C837FE5
7C86A40D
7C86A515
7C86CE5D
7C86E305
7C86E61D
7C86E935
7C86EA3D
7C87AB45
7C882F65
7C8878AD
7C8942FD
7C894515
7C89C0ED
7C89C61D
7C89F8AD
7C8A02FD
7C8A2A3D
7C8A39B5
7C8A3ABD
7C8A3BC5
7C8A4515
7C8A461D
7C8A4935
7C8A661D
7C8A727D
7C8B1385
7C8B148D
7C8B17A5
7C8B3FE5
7C8B5175
7C8B527D
7C8B8B45
7C8D2935
7C8D6305
7C8D640D
7C8D6515
7C8D6B45
7C8F80ED
7C8F82FD
7C8F861D
7C8FC40D
7C8FE82D
7C8FF69D
7C8FFCCD
7C8FFFE5
7C9001F5
7C9002FD
7C900515
7C908D55
7C90D06D
7C918E5D
7C93240D
7C93AA3D
7C93EC4D
7C93F06D
7C94169D
7C941CCD
7C9522FD
7C95548D
7C95569D
7C9558AD
7C957EDD
7C959ABD
7C967175
7C968C4D
7C96CA3D
7C96DDD5
7C971385
7C971595
7C97240D
7C972515
7C97261D
7C974A3D
7C975175
7C97527D
7C9758AD
7C979385
7C97D69D
7C97D7A5
7C97D8AD
7C98569D
7C9858AD
7C985BC5
7C985CCD
7C99CC4D
7C99F06D
7C9A6E5D
7C9A77A5
7C9CEB45
7C9CEC4D
7C9CF385
7C9D01F5
7C9D0F65
7C9D106D
7C9D19B5
7C9D1DD5
7C9E0305
7C9E169D
7C9E8D55
7C9E9175
7C9E9385
7CA02935
7CA02E5D
7CA11595
7CA117A5
7CA12725
7CA12C4D
7CA1327D
7CA13595
7CA138AD
7CA23385
7CA23595
7CA2B385
7CA2B8AD
7CA2BCCD
7CA2C725
7CA2C935
7CA2CC4D
7CA2CD55
7CA2CF65
7CA499B5
7CA49BC5
7CA49CCD
7CA49FE5
7CA4D595
7CA4D69D
7CA4D9B5
7CA4DBC5
7CA5548D
7CA55595
7CA5569D
7CA7C40D
7CA800ED
7CA90515
7CA90725
7CA9082D
7CA90935
7CA90A3D
7CA90C4D
7CAA040D
7CAA506D
7CAA527D
7CAA548D
7CAA5595
7CAA57A5
7CAA8E5D
7CAB8935
7CACAA3D
7CACAB45
7CADB69D
7CADB8AD
7CAE240D
7CAE306D
7CAE3175
7CAE3385
7CAE348D
7CAE3595
7CAE3CCD
7CAE3DD5
7CAF4725
7CAF4935
7CAFAD55
7CAFBDD5
7CAFC0ED
7CAFC40D
7CAFC515
7CAFC725
7CAFD595
7CAFD7A5
7CB0CC4D
7CB0CD55
7CB0D7A5
7CB11FE5
7CB159B5
7CB15EDD
7CB160ED
7CB1AA3D
7CB1AB45
7CB1AE5D
7CB1B175
7CB1DBC5
7CB1DCCD
7CB1DDD5
7CB1DEDD
7CB1E2FD
7CB1E305
7CB25CCD
7CB260ED
7CB262FD
7CB2882D
7CB4C1F5
7CB4F48D
7CB4F69D
7CB719B5
7CB71ABD
7CB72C4D
7CB75175
7CB75595
7CB7569D
7CB758AD
7CB81CCD
7CB83FE5
7CB9FBC5
7CBA3595
7CBA3CCD
7CBA3FE5
7CBAC0ED
7CBB3FE5
7CBC4F65
7CBC5175
7CBCC2FD
7CBCC515
7CBCD595
7CBCDABD
7CBD2305
7CBD5595
7CBD569D
7CBD57A5
7CBD5ABD
7CBD5BC5
7CBD5CCD
7CBD5DD5
7CBD5EDD
7CBDCC4D
7CBDDABD
7CBDDBC5
7CBDDDD5
7CBE727D
7CBE748D
7CBED8AD
7CBEDABD
7CBEDBC5
7CBEE61D
7CBEE935
7CBEEC4D
7CC1E935
7CC20F65
7CC28A3D
7CC28B45
7CC28D55
7CC317A5
7CC43DD5
7CC43FE5
7CC44F65
7CC45CCD
7CC45DD5
7CC45EDD
7CC45FE5
7CC46F65
7CC52E5D
7CC5BFE5
7CC63BC5
7CC7840D
7CC78515
7CC7BBC5
7CC83FE5
7CC842FD
7CC8482D
7CC84F65
7CC86D55
7CC86E5D
7CC8727D
7CC87ABD
7CC88935
7CC88C4D
7CC88E5D
7CC8CB45
7CC9106D
7CC98725
7CC9BABD
7CC9F27D
7CC9F8AD
7CC9F9B5
7CC9FFE5
7CCA1385
7CCA18AD
7CCA1FE5
7CCA2935
7CCA569D
7CCA6935
7CCA7385
7CCA77A5
7CCB5385
7CCBA2FD
7CCBA305
7CCBDDD5
7CCBF06D
7CCBF27D
7CCCBABD
7CCCBBC5
7CCCBFE5
7CCF02FD
7CCF18AD
7CCF1ABD
7CD08305
7CD0A2FD
7CD16305
7CD16725
7CD1769D
7CD178AD
7CD19EDD
7CD1A305
7CD1A935
7CD1B385
7CD2BCCD
7CD3BABD
7CD3FFE5
7CD46515
7CD51595
7CD53FE5
7CD55595
7CD55ABD
7CD56F65
7CD58F65
7CD5906D
7CD59175
7CD5A61D
7CD5C40D
7CD65CCD
7CD65DD5
7CD6A2FD
7CD6A305
7CD6A515
7CD6DBC5
7CD6DCCD
7CD6E40D
7CD6E61D
7CD6EA3D
7CD6EB45
7CD6EF65
7CD7061D
7CD717A5
7CD7282D
7CD72935
7CD72A3D
7CD72C4D
7CD7EF65
7CD87595
7CD8769D
7CD97DD5
7CD9BBC5
7CD9BEDD
7CDA8725
7CDB061D
7CDD6515
7CDD682D
7CDE9595
7CDE9CCD
7CDE9DD5
7CDEB27D
7CDEF9B5
7CE13BC5
7CE142FD
7CE14B45
7CE14D55
7CE1D7A5
7CE217A5
7CE218AD
7CE21DD5
7CE2527D
7CE2B8AD
7CE2CB45
7CE2DFE5
7CE2E0ED
7CE3640D
7CE3727D
7CE381F5
7CE3AD55
7CE3E61D
7CE3EA3D
7CE3EE5D
7CE3F06D
7CE3F175
7CE41FE5
7CE422FD
7CE4240D
7CE4261D
7CE4282D
7CE42D55
7CE4306D
7CE43175
7CE46B45
7CE5FEDD
7CE61FE5
7CE82725
7CE8282D
7CE922FD
7CE961F5
7CEA1FE5
7CEA261D
7CEA282D
7CEAD69D
7CEBB9B5
7CECB385
7CEE4D55
7CEE5385
7CEE569D
7CEE5FE5
7CEE9CCD
7CEF569D
7CEF5DD5
7CEFAC4D
7CEFCA3D
7CEFD69D
7CEFD7A5
7CEFD8AD
7CEFDABD
7CEFE1F5
7CEFE40D
7CEFE82D
7CF05DD5
7CF061F5
7CF06305
7CF0661D
7CF0E61D
7CF0ED55
7CF0EF65
7CF0F385
7CF11385
7CF12E5D
7CF13385
7CF13595
7CF137A5
7CF15175
7CF15595
7CF1569D
7CF159B5
7CF15DD5
7CF160ED
7CF162FD
7CF18725
7CF18935
7CF1FCCD
7CF279B5
7CF3882D
7CF38D55
7CF3FCCD
7CF4040D
7CF40E5D
7CF4106D
7CF62305
7CF71EDD
7CF72D55
7CF72E5D
7CF7B8AD
7CF83CCD
7CF8B9B5
7CF8BCCD
7CF8DFE5
7CF93ABD
7CFB5EDD
7CFBE40D
7CFBF595
7CFBF9B5
7CFC6515
7CFC6935
7CFC6C4D
7CFCC1F5
7CFCC61D
7CFCD8AD
7CFCD9B5
7CFCDBC5
7CFCDDD5
7CFCE0ED
7CFCE40D
7CFCE82D
7CFCEA3D
7CFCEB45
7CFCEC4D
7CFCED55
7CFD2E5D
7CFD2F65
7CFD6B45
7CFD748D
7CFD78AD
7CFD79B5
7CFD7BC5
7CFD7CCD
7CFDF27D
7CFDF8AD
7CFE3EDD
7CFE3FE5
7CFE40ED
7CFE41F5
7CFE62FD
7CFE682D
7CFE6F65
7CFE706D
7CFE7175
7CFE77A5
7CFE7CCD
7CFE7EDD
7CFE840D
7C008E5D
7C010E5D
7C010F65
7C01127D
7C0119B5
7C02A305
7C032D55
7C03548D
7C036F65
7C039EDD
7C043385
7C05C2FD
7C060A3D
7C06C305
7C06D385
7C08EA3D
7C08F06D
7C08F27D
7C096B45
7C09DFE5
7C09E2FD
7C09E515
7C09F48D
7C09FDD5
7C0A0305
7C0A0E5D
7C0A1175
7C0A1385
7C0A3595
7C0A37A5
7C0A7595
7C0A769D
7C0A77A5
7C0A78AD
7C0A7ABD
7C0A7BC5
7C0A7CCD
7C0A7FE5
7C0B5EDD
7C0B6F65
7C0B706D
7C0B7175
7C0B769D
7C0B7DD5
7C0B840D
7C0B8515
7C0B8A3D
7C0B906D
7C0B948D
7C0B969D
7C0C461D
7C0D1595
7C0D6E5D
7C0D7175
7C0D9595
7C0DDEDD
7C0E2515
7C0E4C4D
7C0FB06D
7C109FE5
7C10A0ED
7C11061D
7C1139B5
7C113ABD
7C11BBC5
7C11BFE5
7C11C515
7C130A3D
7C13548D
7C16682D
7C166A3D
7C166B45
7C166C4D
7C16F27D
7C16FCCD
7C16FDD5
7C16FFE5
7C170305
7C17369D
7C173CCD
7C1741F5
7C1779B5
7C177FE5
7C17ED55
7C182725
7C182935
7C1882FD
7C188515
7C18861D
7C188725
7C188A3D
7C189CCD
7C189DD5
7C18AE5D
7C18B27D
7C18CA3D
7C191FE5
7C1A8F65
7C1A9ABD
7C1B482D
7C1B4E5D
7C1BF8AD
7C1DAC4D
7C1E3FE5
7C1EC40D
7C1F4D55
7C1FB48D
7C200935
7C201385
7C203ABD
7C237385
7C237EDD
7C240305
7C241FE5
7C2441F5
7C244515
7C244A3D
7C244B45
7C244C4D
7C24727D
7C2481F5
7C2482FD
7C248305
7C24861D
7C248725
7C24882D
7C248D55
7C24CF65
7C24D8AD
7C24FFE5
7C2500ED
7C2502FD
7C2540ED
7C255175
7C258A3D
7C258D55
7C25948D
7C25D06D
7C25D175
7C25D27D
7C25D48D
7C25D595
7C25D7A5
7C26127D
7C261EDD
7C2698AD
7C269CCD
7C269DD5
7C27A1F5
7C27A2FD
7C27A305
7C27A61D
7C282F65
7C286F65
7C29C1F5
7C2A2C4D
7C2AAE5D
7C2AC82D
7C2BCE5D
7C2C57A5
7C2C6F65
7C2D1EDD
7C2D42FD
7C2E6935
7C30F48D
7C31082D
7C312A3D
7C312B45
7C31482D
7C314C4D
7C316D55
7C317595
7C3178AD
7C3180ED
7C329CCD
7C32C82D
7C32DDD5
7C331FE5
7C3320ED
7C332305
7C332725
7C338F65
7C34AF65
7C352B45
7C363175
7C36C515
7C37CA3D
7C37CB45
7C37CD55
7C37CF65
7C38440D
7C384515
7C384725
7C384B45
7C384E5D
7C38DABD
7C395ABD
7C396515
7C396B45
7C39A0ED
7C39A1F5
7C3A4A3D
7C3A5ABD
7C3A5EDD
7C3A6305
7C3A6515
7C3A6B45
7C3C77A5
7C3D8305
7C3E1175
7C3E506D
7C3E6515
7C3E6B45
7C3E769D
7C3E882D
7C3E8D55
7C3E969D
7C3E97A5
7C3E98AD
7C3F1EDD
7C3F1FE5
7C3F8935
7C3FD9B5
7C3FE2FD
7C3FE40D
7C3FE515
7C3FE725
7C409ABD
7C41B27D
7C41F9B5
7C4237A5
7C42A2FD
7C4340ED
7C43440D
7C43461D
7C43C0ED
7C43C40D
7C43C725
7C444B45
7C44F385
7C45548D
7C4562FD
7C4598AD
7C459DD5
7C459EDD
7C45A40D
7C45D7A5
7C45D8AD
7C45DBC5
7C45DCCD
7C46A82D
7C46DBC5
7C4757A5
7C475DD5
7C476725
7C47727D
7C47B48D
7C4838AD
7C4A927D
7C4A9595
7C4AD69D
7C4B9595
7C4B98AD
7C4BA305
7C4C169D
7C4C1DD5
7C4C21F5
7C4C22FD
7C4D282D
7C4DB06D
7C4EB8AD
7C4EFFE5
7C4F00ED
7C4F01F5
7C4F02FD
7C4F040D
7C4F0515
7C4F061D
7C4FB9B5
7C4FBCCD
7C51169D
7C514D55
7C5260ED
7C52640D
7C52906D
7C52A40D
7C52A61D
7C52A935
7C52DDD5
7C52DFE5
7C52E2FD
7C53661D
7C53AF65
7C53B06D
7C546935
7C54727D
7C5498AD
7C54B06D
7C54B8AD
7C54F69D
7C54F7A5
7C557DD5
7C568E5D
7C58A40D
7C58A515
7C58A935
7C58F27D
7C58F385
7C58F48D
7C58F595
7C592305
7C592A3D
7C5A3595
7C5BBEDD
7C5BCB45
7C5C482D
7C5C4A3D
7C5D8C4D
7C5DD27D
7C5ECA3D
7C5F20ED
7C5FA515
7C5FE515
7C600F65
7C60127D
7C606C4D
7C607DD5
7C60CD55
7C60D27D
7C60DCCD
7C60F175
7C60F385
7C612F65
7C6179B5
7C617ABD
7C61840D
7C619595
7C61BABD
7C61BBC5
7C61BCCD
7C6200ED
7C627CCD
7C628935
7C651FE5
7C65C40D
7C66240D
7C662515
7C662725
7C66282D
7C662935
7C662A3D
7C662B45
7C68C61D
7C6938AD
7C6BEA3D
7C6C6515
7C6C6F65
7C6C706D
7C6C748D
7C6C78AD
7C6CB595
7C6CB7A5
7C6CE82D
7C6CEC4D
7C6CEE5D
7C6CEF65
7C6CF175
7C6CF27D
7C6DEF65
7C6DF06D
7C6DF69D
7C6DFDD5
7C6DFEDD
7C6E2B45
7C6E8C4D
7C6EA1F5
7C6EB8AD
7C6EC1F5
7C6EC305
7C6EC725
7C6ECD55
7C6ED06D
7C6F0305
7C6F061D
7C6F0725
7C6F0935
7C72AB45
7C73327D
7C73369D
7C7339B5
7C7437A5
7C75461D
7C75D06D
7C763175
7C763385
7C763595
7C77E725
7C77E82D
7C77ED55
7C79E82D
7C79F48D
7C79FCCD
7C7A7BC5
7C7A7DD5
7C7A840D
7C7AD06D
7C7B061D
7C7B0B45
7C7B0D55
7C7BCB45
7C7BCC4D
7C7BCD55
7C7BCF65
7C7BD27D
7C7BD595
7C7BD9B5
7C7BFDD5
7C7C01F5
7C7C0725
7C7C082D
7C7C0D55
7C7C0E5D
7C7C106D
7C7C127D
7C7C9385
7C7EAE5D
7C7FB48D
7C8039B5
7C80BFE5
7C80C725
7C82EB45
7D832D55
7D84E515
7D86EF65
7D86F175
7D87040D
7D87061D
7D874515
7D8779B5
7D877FE5
7D8781F5
7D878305
7D878E5D
7D88C515
7D88C725
7D88C935
7D88D175
7D88D595
7D88D69D
7D88D7A5
7D88F9B5
7D88FBC5
7D88FCCD
7D890C4D
7D890F65
7D8918AD
7D8919B5
7D891ABD
7D899595
7D8BBBC5
7D8D2C4D
7D8D42FD
7D8D61F5
7D8D6515
7D8DC305
7D8EBEDD
7D8F569D
7D8F58AD
7D8F59B5
7D940725
7D944C4D
7D944F65
7D94882D
7D948A3D
7D949595
7D94969D
7D9498AD
7D9499B5
7D951175
7D95148D
7D954D55
7D954E5D
7D95CC4D
7D95D48D
7D95D69D
7D95DABD
7D95E305
7D95E725
7D960B45
7D960C4D
7D961175
7D9618AD
7D9619B5
7D961BC5
7D961CCD
7D961FE5
7D9721F5
7D99B595
7D9A482D
7D9CE82D
7D9D640D
7D9DAE5D
7D9DB06D
7D9DB48D
7D9DB69D
7DA101F5
7DA10B45
7DA140ED
7DA15385
7DA15595
7DA157A5
7DA181F5
7DA1969D
7DA198AD
7DA19ABD
7DA2169D
7DA217A5
7DA218AD
7DA219B5
7DA258AD
7DA25ABD
7DA25EDD
7DA262FD
7DA2640D
7DA26515
7DA302FD
7DA30515
7DA3061D
7DA32515
7DA3261D
7DA3661D
7DA3DABD
7DA3E82D
7DA5C2FD
7DA6C305
7DA74F65
7DA7548D
7DA8D8AD
7DA8DCCD
7DA8E0ED
7DA8E2FD
7DABEF65
7DAC769D
7DAE8725
7DAE8935
7DAE8B45
7DAF1385
7DAF8F65
7DAFA0ED
7DAFA2FD
7DB022FD
7DB04305
7DB04515
7DB05FE5
7DB061F5
7DB06515
7DB0EA3D
7DB0F27D
7DB1369D
7DB1BFE5
7DB3BFE5
7DB3D27D
7DB3D385
7DB48E5D
7DB4927D
7DB4948D
7DB5E515
7DB7E0ED
7DBB1595
7DBB169D
7DBB6305
7DBB9EDD
7DBB9FE5
7DBBA2FD
7DBBDABD
7DBC1EDD
7DBC1FE5
7DBC2935
7DBC8E5D
7DBC9BC5
7DBC9CCD
7DBCA2FD
7DBCA515
7DBCA935
7DBCAA3D
7DBD2C4D
7DBD2D55
7DBD306D
7DBD3385
7DBD6305
7DBD706D
7DBD7385
7DBD8F65
7DBD9EDD
7DBD9FE5
7DBDA0ED
7DBDA1F5
7DBE4935
7DBFCF65
7DC00D55
7DC0D385
7DC0DBC5
7DC0DDD5
7DC0DFE5
7DC0E2FD
7DC162FD
7DC1E515
7DC25FE5
7DC3BDD5
7DC3F06D
7DC46725
7DC46B45
7DC46F65
7DC477A5
7DC479B5
7DC501F5
7DC58725
7DC5882D
7DC86C4D
7DC88A3D
7DC88D55
7DC89175
7DC8A305
7DC8A725
7DC921F5
7DC9B69D
7DC9BDD5
7DCA369D
7DCA39B5
7DCA3ABD
7DCA3DD5
7DCA3EDD
7DCA6A3D
7DCA6B45
7DCA706D
7DCA78AD
7DCA81F5
7DCA82FD
7DCA99B5
7DCAA725
7DCABCCD
7DCAC0ED
7DCCD69D
7DCEE305
7DCEEB45
7DCF6A3D
7DD04F65
7DD101F5
7DD10935
7DD1861D
7DD2127D
7DD3DABD
7DD41ABD
7DD41CCD
7DD5A82D
7DD5A935
7DD5AA3D
7DD63595
7DD6369D
7DD638AD
7DD639B5
7DD6CB45
7DD6DDD5
7DD7706D
7DD778AD
7DD77ABD
7DD782FD
7DD78935
7DD7B595
7DD7B8AD
7DD7C305
7DD83DD5
7DD84515
7DD8461D
7DD84B45
7DD84D55
7DD8D27D
7DDE0D55
7DDE0E5D
7DDE8935
7DDED175
7DDF9385
7DE0EE5D
7DE12725
7DE2AF65
7DE2B06D
7DE2B27D
7DE2B595
7DE2B69D
7DE2E725
7DE2F27D
7DE2F48D
7DE33385
7DE33ABD
7DE3CC4D
7DE40305
7DE4061D
7DE40725
7DE40B45
7DE48E5D
7DE4A61D
7DE4B175
7DE4B48D
7DE4B69D
7DE4E1F5
7DE54E5D
7DE5506D
7DE5527D
7DE5548D
7DE5569D
7DE559B5
7DE5A0ED
7DE6E61D
7DE83175
7DE86A3D
7DE8E40D
7DE9C1F5
7DE9C305
7DEA769D
7DEA79B5
7DEA7BC5
7DEA7DD5
7DEA7FE5
7DEA80ED
7DED1BC5
7DEE506D
7DEF7595
7DEFAF65
7DEFB48D
7DEFBEDD
7DEFDABD
7DEFDDD5
7DEFDEDD
7DEFDFE5
7DEFE61D
7DF041F5
7DF042FD
7DF04305
7DF04515
7DF10D55
7DF14D55
7DF1506D
7DF19ABD
7DF1C40D
7DF1CB45
7DF1D385
7DF2061D
7DF2DEDD
7DF2E0ED
7DF2E1F5
7DF3E515
7DF4F48D
7DF5706D
7DF577A5
7DF5F9B5
7DF67FE5
7DF6861D
7DF70B45
7DF7748D
7DF7861D
7DF7948D
7DF85385
7DF85EDD
7DFB1595
7DFB2935
7DFC8C4D
7DFCC40D
7DFD0725
7DFD3ABD
7DFD3BC5
7DFD3CCD
7DFD3DD5
7DFD40ED
7DFE506D
7DFE5175
7DFE569D
7DFE9ABD
7DFED48D
7DFEDABD
7DFEE2FD
7DFF106D
7DFF8F65
7DFF9ABD
7DFF9BC5
7DFFDBC5
7DFFE1F5
7DFFE515
7DFFE725
7D00DBC5
7D038B45
7D0397A5
7D04840D
7D0499B5
7D04B27D
7D058515
7D062305
7D07B8AD
7D087BC5
7D08C2FD
7D09440D
7D09882D
7D098D55
7D09927D
7D09C61D
7D09CC4D
7D0A0F65
7D0A106D
7D0A1385
7D0A4C4D
7D0A4E5D
7D0AE305
7D0B4E5D
7D0BD385
7D0BE2FD
7D0BE82D
7D0C2725
7D0C6515
7D0CAB45
7D0CAF65
7D0EFCCD
7D0F8725
7D0F8A3D
7D0F8B45
7D1041F5
7D111385
7D111595
7D11882D
7D1197A5
7D1199B5
7D119DD5
7D11A1F5
7D121FE5
7D122305
7D12AA3D
7D132305
7D15AF65
7D16C82D
7D16CA3D
7D170D55
7D170F65
7D171385
7D17148D
7D17440D
7D174935
7D174E5D
7D175385
7D179CCD
7D179EDD
7D17D8AD
7D18106D
7D186305
7D18640D
7D186515
7D18E82D
7D191BC5
7D192725
7D195DD5
7D195FE5
7D196305
7D196935
7D19DFE5
7D19F69D
7D1A0A3D
7D1A0E5D
7D1A0F65
7D1C9EDD
7D1D5595
7D1D57A5
7D1E1FE5
7D1EA40D
7D1EC515
7D1EDFE5
7D1EE61D
7D1F7175
7D1F9DD5
7D1FAB45
7D1FAC4D
7D1FAD55
7D20B175
7D20CC4D
7D20D06D
7D22506D
7D22D175
7D24482D
7D244935
7D244B45
7D24506D
7D245175
7D24527D
7D245385
7D245595
7D24569D
7D2457A5
7D2459B5
7D25EA3D
7D26E61D
7D26E82D
7D26F69D
7D277DD5
7D2782FD
7D28840D
7D29B7A5
7D29BFE5
7D2A6E5D
7D2B148D
7D2BA935
7D2BAB45
7D2BFEDD
7D2C00ED
7D2CB48D
7D2CC2FD
7D2CD06D
7D2D3ABD
7D2D42FD
7D2FCE5D
7D2FD175
7D2FD385
7D2FD69D
7D309CCD
7D30E40D
7D30EA3D
7D314A3D
7D31548D
7D315595
7D31569D
7D3157A5
7D3158AD
7D3159B5
7D315BC5
7D3160ED
7D31FCCD
7D323385
7D326F65
7D3319B5
7D3362FD
7D33882D
7D33FEDD
7D3400ED
7D340C4D
7D341DD5
7D3442FD
7D34706D
7D349EDD
7D34A1F5
7D3779B5
7D379CCD
7D37C1F5
7D3822FD
7D38240D
7D38282D
7D382935
7D38F385
7D391DD5
7D392B45
7D393595
7D39D8AD
7D39F385
7D39FEDD
7D39FFE5
7D3C5595
7D3CDEDD
7D3E261D
7D3E62FD
7D3E6B45
7D3E748D
7D3EB27D
7D3EEF65
7D3EF175
7D407EDD
7D408515
7D411175
7D414935
7D44AC4D
7D44AD55
7D45FBC5
7D461FE5
7D4621F5
7D462305
7D46306D
7D463175
7D463385
7D463595
7D4637A5
7D494515
7D49DDD5
7D49E0ED
7D4B38AD
7D4B7385
7D4B78AD
7D4BA935
7D4BAA3D
7D4BE40D
7D4BF9B5
7D4D6D55
7D4D7FE5
7D4E4515
7D4E7BC5
7D4E7DD5
7D4E82FD
7D51AB45
7D51AE5D
7D51B48D
7D51B9B5
7D533BC5
7D533DD5
7D533FE5
7D5340ED
7D5342FD
7D542A3D
7D5438AD
7D54440D
7D544515
7D544C4D
7D555385
7D56E515
7D56E725
7D56E82D
7D575BC5
7D576A3D
7D58769D
7D5878AD
7D587ABD
7D58BDD5
7D58C0ED
7D58C2FD
7D58C40D
7D5A906D
7D5B60ED
7D5B6C4D
7D5B948D
7D5B9DD5
7D5B9EDD
7D5D240D
7D5D2725
7D5ED175
7D5EDBC5
7D5EFABD
7D5EFDD5
7D5EFFE5
7D5F80ED
7D5F82FD
7D5F8725
7D5FC2FD
7D603ABD
7D603CCD
7D604B45
7D604D55
7D60640D
7D60661D
7D608D55
7D60CB45
7D60D06D
7D615175
7D624C4D
7D62E61D
7D63E725
7D63EE5D
7D6460ED
7D6462FD
7D64640D
7D64682D
7D657DD5
7D657FE5
7D6580ED
7D65F595
7D660305
7D668A3D
7D66906D
7D688515
7D688725
7D689595
7D68969D
7D6897A5
7D68BDD5
7D68BEDD
7D68C0ED
7D6C41F5
7D6C4305
7D6C440D
7D6C461D
7D6C4725
7D6D5385
7D6D661D
7D6D6E5D
7D6D6F65
7D6D7EDD
7D6D8E5D
7D6E569D
7D6E5BC5
7D6EDBC5
7D6EDCCD
7D6F1385
7D6F148D
7D6F1595
7D6F1EDD
7D6F2305
7D6F5DD5
7D706B45
7D706E5D
7D706F65
7D715EDD
7D7161F5
7D7202FD
7D72082D
7D727FE5
7D728935
7D7300ED
7D730F65
7D73506D
7D74DEDD
7D750D55
7D7520ED
7D752725
7D759385
7D75A0ED
7D75BDD5
7D75C61D
7D75C82D
7D7842FD
7D79348D
7D793ABD
7D794D55
7D79D48D
7D7A5595
7D7A58AD
7D7A59B5
7D7A8C4D
